  Exercicio01.cpp
e:\relatorio1\relatorio1\exercicio01.cpp(29): warning C4244: '=': conversion from 'double' to 'int', possible loss of data
e:\relatorio1\relatorio1\exercicio01.cpp(46): warning C4244: '=': conversion from 'double' to 'float', possible loss of data
e:\relatorio1\relatorio1\exercicio01.cpp(79): warning C4244: '=': conversion from 'double' to 'int', possible loss of data
e:\relatorio1\relatorio1\exercicio01.cpp(7): warning C4244: 'initializing': conversion from 'double' to 'T', possible loss of data
          with
          [
              T=int
          ]
  e:\relatorio1\relatorio1\exercicio01.cpp(36): note: see reference to function template instantiation 'void Bhaskara<int>(const T,const T,const T,T *,T *)' being compiled
          with
          [
              T=int
          ]
e:\relatorio1\relatorio1\exercicio01.cpp(9): warning C4244: '=': conversion from 'double' to 'T', possible loss of data
          with
          [
              T=int
          ]
e:\relatorio1\relatorio1\exercicio01.cpp(10): warning C4244: '=': conversion from 'double' to 'T', possible loss of data
          with
          [
              T=int
          ]
e:\relatorio1\relatorio1\exercicio01.cpp(16): warning C4244: 'initializing': conversion from 'double' to 'T', possible loss of data
          with
          [
              T=int
          ]
  e:\relatorio1\relatorio1\exercicio01.cpp(40): note: see reference to function template instantiation 'void Fatorado<int>(const T,const T,const T,T *,T *)' being compiled
          with
          [
              T=int
          ]
e:\relatorio1\relatorio1\exercicio01.cpp(18): warning C4244: '=': conversion from 'double' to 'T', possible loss of data
          with
          [
              T=int
          ]
e:\relatorio1\relatorio1\exercicio01.cpp(7): warning C4244: 'initializing': conversion from 'double' to 'T', possible loss of data
          with
          [
              T=float
          ]
  e:\relatorio1\relatorio1\exercicio01.cpp(52): note: see reference to function template instantiation 'void Bhaskara<float>(const T,const T,const T,T *,T *)' being compiled
          with
          [
              T=float
          ]
e:\relatorio1\relatorio1\exercicio01.cpp(9): warning C4244: '=': conversion from 'double' to 'T', possible loss of data
          with
          [
              T=float
          ]
e:\relatorio1\relatorio1\exercicio01.cpp(10): warning C4244: '=': conversion from 'double' to 'T', possible loss of data
          with
          [
              T=float
          ]
e:\relatorio1\relatorio1\exercicio01.cpp(16): warning C4244: 'initializing': conversion from 'double' to 'T', possible loss of data
          with
          [
              T=float
          ]
  e:\relatorio1\relatorio1\exercicio01.cpp(56): note: see reference to function template instantiation 'void Fatorado<float>(const T,const T,const T,T *,T *)' being compiled
          with
          [
              T=float
          ]
e:\relatorio1\relatorio1\exercicio01.cpp(18): warning C4244: '=': conversion from 'double' to 'T', possible loss of data
          with
          [
              T=float
          ]
  Exercicio02.cpp
  Relatorio1.cpp
e:\relatorio1\relatorio1\matriz.h(265): warning C4244: 'initializing': conversion from 'T' to 'int', possible loss of data
          with
          [
              T=float
          ]
  e:\relatorio1\relatorio1\matriz.h(259): note: while compiling class template member function 'void Matrix<float>::toeplitz(void)'
  e:\relatorio1\relatorio1\relatorio1.cpp(151): note: see reference to function template instantiation 'void Matrix<float>::toeplitz(void)' being compiled
  e:\relatorio1\relatorio1\relatorio1.cpp(119): note: see reference to class template instantiation 'Matrix<float>' being compiled
  Source.cpp
  Generating Code...
  Relatorio1.vcxproj -> E:\Relatorio1\x64\Debug\Relatorio1.exe
